# JRE version: Java(TM) SE Runtime Environment (8.0_152-b16) (build 1.8.0_152-b16)
# Java VM: Java HotSpot(TM) 64-Bit Server VM (25.152-b16 mixed mode windows-amd64 compressed oops)
Heap:
 PSYoungGen      total 391168K, used 169599K [0x00000000e0000000, 0x0000000100000000, 0x0000000100000000)
  eden space 273920K, 51% used [0x00000000e0000000,0x00000000e89e24a0,0x00000000f0b80000)
  from space 117248K, 24% used [0x00000000f0b80000,0x00000000f273da98,0x00000000f7e00000)
  to   space 114688K, 0% used [0x00000000f9000000,0x00000000f9000000,0x0000000100000000)
 ParOldGen       total 268288K, used 180157K [0x00000000a0000000, 0x00000000b0600000, 0x00000000e0000000)
  object space 268288K, 67% used [0x00000000a0000000,0x00000000aafef780,0x00000000b0600000)
 Metaspace       used 100599K, capacity 109330K, committed 109568K, reserved 1144832K
  class space    used 13162K, capacity 14732K, committed 14848K, reserved 1048576K
GC Heap History (10 events):
Event: 13904.348 GC heap before
{Heap before GC invocations=45 (full 4):
 PSYoungGen      total 385024K, used 350183K [0x00000000e0000000, 0x0000000100000000, 0x0000000100000000)
  eden space 260096K, 99% used [0x00000000e0000000,0x00000000efdfe400,0x00000000efe00000)
  from space 124928K, 72% used [0x00000000f8600000,0x00000000fddfb9e0,0x0000000100000000)
  to   space 132096K, 0% used [0x00000000efe00000,0x00000000efe00000,0x00000000f7f00000)
 ParOldGen       total 268288K, used 179917K [0x00000000a0000000, 0x00000000b0600000, 0x00000000e0000000)
  object space 268288K, 67% used [0x00000000a0000000,0x00000000aafb3770,0x00000000b0600000)
 Metaspace       used 98645K, capacity 105882K, committed 105984K, reserved 1140736K
  class space    used 12858K, capacity 14250K, committed 14336K, reserved 1048576K
Event: 13904.375 GC heap after
Heap after GC invocations=45 (full 4):
 PSYoungGen      total 392192K, used 25654K [0x00000000e0000000, 0x0000000100000000, 0x0000000100000000)
  eden space 260096K, 0% used [0x00000000e0000000,0x00000000e0000000,0x00000000efe00000)
  from space 132096K, 19% used [0x00000000efe00000,0x00000000f170da10,0x00000000f7f00000)
  to   space 129536K, 0% used [0x00000000f8180000,0x00000000f8180000,0x0000000100000000)
 ParOldGen       total 268288K, used 180005K [0x00000000a0000000, 0x00000000b0600000, 0x00000000e0000000)
  object space 268288K, 67% used [0x00000000a0000000,0x00000000aafc9780,0x00000000b0600000)
 Metaspace       used 98645K, capacity 105882K, committed 105984K, reserved 1140736K
  class space    used 12858K, capacity 14250K, committed 14336K, reserved 1048576K
}
Event: 13905.705 GC heap before
{Heap before GC invocations=46 (full 4):
 PSYoungGen      total 392192K, used 285750K [0x00000000e0000000, 0x0000000100000000, 0x0000000100000000)
  eden space 260096K, 100% used [0x00000000e0000000,0x00000000efe00000,0x00000000efe00000)
  from space 132096K, 19% used [0x00000000efe00000,0x00000000f170da10,0x00000000f7f00000)
  to   space 129536K, 0% used [0x00000000f8180000,0x00000000f8180000,0x0000000100000000)
 ParOldGen       total 268288K, used 180005K [0x00000000a0000000, 0x00000000b0600000, 0x00000000e0000000)
  object space 268288K, 67% used [0x00000000a0000000,0x00000000aafc9780,0x00000000b0600000)
 Metaspace       used 98800K, capacity 105954K, committed 106240K, reserved 1140736K
  class space    used 12858K, capacity 14250K, committed 14336K, reserved 1048576K
Event: 13905.765 GC heap after
Heap after GC invocations=46 (full 4):
 PSYoungGen      total 384512K, used 66213K [0x00000000e0000000, 0x00000000ff880000, 0x0000000100000000)
  eden space 262656K, 0% used [0x00000000e0000000,0x00000000e0000000,0x00000000f0080000)
  from space 121856K, 54% used [0x00000000f8180000,0x00000000fc229700,0x00000000ff880000)
  to   space 126976K, 0% used [0x00000000f0080000,0x00000000f0080000,0x00000000f7c80000)
 ParOldGen       total 268288K, used 180045K [0x00000000a0000000, 0x00000000b0600000, 0x00000000e0000000)
  object space 268288K, 67% used [0x00000000a0000000,0x00000000aafd3780,0x00000000b0600000)
 Metaspace       used 98800K, capacity 105954K, committed 106240K, reserved 1140736K
  class space    used 12858K, capacity 14250K, committed 14336K, reserved 1048576K
}
Event: 13906.921 GC heap before
{Heap before GC invocations=47 (full 4):
 PSYoungGen      total 384512K, used 328869K [0x00000000e0000000, 0x00000000ff880000, 0x0000000100000000)
  eden space 262656K, 100% used [0x00000000e0000000,0x00000000f0080000,0x00000000f0080000)
  from space 121856K, 54% used [0x00000000f8180000,0x00000000fc229700,0x00000000ff880000)
  to   space 126976K, 0% used [0x00000000f0080000,0x00000000f0080000,0x00000000f7c80000)
 ParOldGen       total 268288K, used 180045K [0x00000000a0000000, 0x00000000b0600000, 0x00000000e0000000)
  object space 268288K, 67% used [0x00000000a0000000,0x00000000aafd3780,0x00000000b0600000)
 Metaspace       used 98827K, capacity 106018K, committed 106240K, reserved 1140736K
  class space    used 12858K, capacity 14250K, committed 14336K, reserved 1048576K
Event: 13906.937 GC heap after
Heap after GC invocations=47 (full 4):
 PSYoungGen      total 389632K, used 31142K [0x00000000e0000000, 0x00000000ffe00000, 0x0000000100000000)
  eden space 262656K, 0% used [0x00000000e0000000,0x00000000e0000000,0x00000000f0080000)
  from space 126976K, 24% used [0x00000000f0080000,0x00000000f1ee9a90,0x00000000f7c80000)
  to   space 123392K, 0% used [0x00000000f8580000,0x00000000f8580000,0x00000000ffe00000)
 ParOldGen       total 268288K, used 180085K [0x00000000a0000000, 0x00000000b0600000, 0x00000000e0000000)
  object space 268288K, 67% used [0x00000000a0000000,0x00000000aafdd780,0x00000000b0600000)
 Metaspace       used 98827K, capacity 106018K, committed 106240K, reserved 1140736K
  class space    used 12858K, capacity 14250K, committed 14336K, reserved 1048576K
}
Event: 14344.645 GC heap before
{Heap before GC invocations=48 (full 4):
 PSYoungGen      total 389632K, used 293798K [0x00000000e0000000, 0x00000000ffe00000, 0x0000000100000000)
  eden space 262656K, 100% used [0x00000000e0000000,0x00000000f0080000,0x00000000f0080000)
  from space 126976K, 24% used [0x00000000f0080000,0x00000000f1ee9a90,0x00000000f7c80000)
  to   space 123392K, 0% used [0x00000000f8580000,0x00000000f8580000,0x00000000ffe00000)
 ParOldGen       total 268288K, used 180085K [0x00000000a0000000, 0x00000000b0600000, 0x00000000e0000000)
  object space 268288K, 67% used [0x00000000a0000000,0x00000000aafdd780,0x00000000b0600000)
 Metaspace       used 99788K, capacity 108424K, committed 108672K, reserved 1142784K
  class space    used 13063K, capacity 14619K, committed 14720K, reserved 1048576K
Event: 14344.677 GC heap after
Heap after GC invocations=48 (full 4):
 PSYoungGen      total 383488K, used 54594K [0x00000000e0000000, 0x00000000ff080000, 0x0000000100000000)
  eden space 273920K, 0% used [0x00000000e0000000,0x00000000e0000000,0x00000000f0b80000)
  from space 109568K, 49% used [0x00000000f8580000,0x00000000fbad0808,0x00000000ff080000)
  to   space 117248K, 0% used [0x00000000f0b80000,0x00000000f0b80000,0x00000000f7e00000)
 ParOldGen       total 268288K, used 180149K [0x00000000a0000000, 0x00000000b0600000, 0x00000000e0000000)
  object space 268288K, 67% used [0x00000000a0000000,0x00000000aafed780,0x00000000b0600000)
 Metaspace       used 99788K, capacity 108424K, committed 108672K, reserved 1142784K
  class space    used 13063K, capacity 14619K, committed 14720K, reserved 1048576K
}
Event: 14345.728 GC heap before
{Heap before GC invocations=49 (full 4):
 PSYoungGen      total 383488K, used 328514K [0x00000000e0000000, 0x00000000ff080000, 0x0000000100000000)
  eden space 273920K, 100% used [0x00000000e0000000,0x00000000f0b80000,0x00000000f0b80000)
  from space 109568K, 49% used [0x00000000f8580000,0x00000000fbad0808,0x00000000ff080000)
  to   space 117248K, 0% used [0x00000000f0b80000,0x00000000f0b80000,0x00000000f7e00000)
 ParOldGen       total 268288K, used 180149K [0x00000000a0000000, 0x00000000b0600000, 0x00000000e0000000)
  object space 268288K, 67% used [0x00000000a0000000,0x00000000aafed780,0x00000000b0600000)
 Metaspace       used 99889K, capacity 108686K, committed 108928K, reserved 1142784K
  class space    used 13082K, capacity 14652K, committed 14720K, reserved 1048576K
Event: 14345.744 GC heap after
Heap after GC invocations=49 (full 4):
 PSYoungGen      total 391168K, used 28406K [0x00000000e0000000, 0x0000000100000000, 0x0000000100000000)
  eden space 273920K, 0% used [0x00000000e0000000,0x00000000e0000000,0x00000000f0b80000)
  from space 117248K, 24% used [0x00000000f0b80000,0x00000000f273da98,0x00000000f7e00000)
  to   space 114688K, 0% used [0x00000000f9000000,0x00000000f9000000,0x0000000100000000)
 ParOldGen       total 268288K, used 180157K [0x00000000a0000000, 0x00000000b0600000, 0x00000000e0000000)
  object space 268288K, 67% used [0x00000000a0000000,0x00000000aafef780,0x00000000b0600000)
 Metaspace       used 99889K, capacity 108686K, committed 108928K, reserved 1142784K
  class space    used 13082K, capacity 14652K, committed 14720K, reserved 1048576K
}

